GROUP,PACKAGE,CLASS,INSTRUCTION_MISSED,INSTRUCTION_COVERED,BRANCH_MISSED,BRANCH_COVERED,LINE_MISSED,LINE_COVERED,COMPLEXITY_MISSED,COMPLEXITY_COVERED,METHOD_MISSED,METHOD_COVERED
Starfish - Developer Toolkit for data ecosystems,sg.dex.starfish.impl.memory,MemoryJob,39,29,2,0,8,8,5,3,4,3
Starfish - Developer Toolkit for data ecosystems,sg.dex.starfish.impl.memory,MemoryBundle,14,164,0,10,3,35,1,15,1,10
Starfish - Developer Toolkit for data ecosystems,sg.dex.starfish.impl.memory,AMemoryAsset,4,7,0,0,2,3,1,1,1,1
Starfish - Developer Toolkit for data ecosystems,sg.dex.starfish.impl.memory,AMemoryOperation,10,51,3,3,1,15,4,5,1,5
Starfish - Developer Toolkit for data ecosystems,sg.dex.starfish.impl.memory,MemoryAgent,90,121,12,4,20,23,14,11,8,9
Starfish - Developer Toolkit for data ecosystems,sg.dex.starfish.impl.memory,MemoryAsset,34,136,6,10,6,28,7,13,2,10
Starfish - Developer Toolkit for data ecosystems,sg.dex.starfish.impl.memory,MemoryPurchase,33,28,2,0,5,7,6,3,5,3
Starfish - Developer Toolkit for data ecosystems,sg.dex.starfish.impl.memory,MemoryListing,31,33,2,0,6,9,7,4,6,4
Starfish - Developer Toolkit for data ecosystems,sg.dex.starfish.impl.squid,SquidAsset,131,0,0,0,36,0,11,0,11,0
Starfish - Developer Toolkit for data ecosystems,sg.dex.starfish.impl.squid,SquidAccount,34,0,0,0,9,0,5,0,5,0
Starfish - Developer Toolkit for data ecosystems,sg.dex.starfish.impl.squid,SquidAgent,306,0,12,0,68,0,19,0,13,0
Starfish - Developer Toolkit for data ecosystems,sg.dex.starfish.impl.squid,SquidAgent.new TypeReference() {...},6,0,0,0,1,0,1,0,1,0
Starfish - Developer Toolkit for data ecosystems,sg.dex.starfish,DataAsset,34,82,7,7,8,18,8,5,2,4
Starfish - Developer Toolkit for data ecosystems,sg.dex.starfish,Operation,20,0,0,0,4,0,4,0,4,0
Starfish - Developer Toolkit for data ecosystems,sg.dex.starfish,Asset,17,0,0,0,5,0,5,0,5,0
Starfish - Developer Toolkit for data ecosystems,sg.dex.starfish,Bundle,19,2,0,0,4,1,2,1,2,1
Starfish - Developer Toolkit for data ecosystems,sg.dex.starfish,Job,45,5,0,0,14,1,6,1,6,1
Starfish - Developer Toolkit for data ecosystems,sg.dex.starfish,Ocean,159,19,10,0,40,6,19,3,14,3
Starfish - Developer Toolkit for data ecosystems,sg.dex.starfish,Invokable,3,0,0,0,1,0,1,0,1,0
Starfish - Developer Toolkit for data ecosystems,sg.dex.starfish.impl.url,RemoteHttpAsset,71,77,5,3,14,21,8,6,4,6
Starfish - Developer Toolkit for data ecosystems,sg.dex.starfish.impl.url,ResourceAsset,36,71,4,2,5,18,3,9,0,9
Starfish - Developer Toolkit for data ecosystems,sg.dex.starfish.impl.remote,RemoteListing,95,0,4,0,23,0,15,0,13,0
Starfish - Developer Toolkit for data ecosystems,sg.dex.starfish.impl.remote,RemoteAgent,1839,0,138,0,427,0,126,0,57,0
Starfish - Developer Toolkit for data ecosystems,sg.dex.starfish.impl.remote,RemoteDataAsset,98,0,4,0,23,0,9,0,7,0
Starfish - Developer Toolkit for data ecosystems,sg.dex.starfish.impl.remote,RemoteBundle,231,0,14,0,46,0,18,0,11,0
Starfish - Developer Toolkit for data ecosystems,sg.dex.starfish.impl.remote,ARemoteAsset,7,0,0,0,3,0,1,0,1,0
Starfish - Developer Toolkit for data ecosystems,sg.dex.starfish.impl.remote,RemoteOperation,41,0,0,0,8,0,6,0,6,0
Starfish - Developer Toolkit for data ecosystems,sg.dex.starfish.impl.remote,RemoteJob,81,0,8,0,24,0,11,0,7,0
Starfish - Developer Toolkit for data ecosystems,sg.dex.starfish.impl.remote,RemotePurchase,84,0,4,0,20,0,13,0,11,0
Starfish - Developer Toolkit for data ecosystems,sg.dex.starfish.impl.remote,RemoteAccount,76,0,2,0,17,0,5,0,4,0
Starfish - Developer Toolkit for data ecosystems,sg.dex.starfish.cli,CLIMain,31,0,4,0,9,0,4,0,2,0
Starfish - Developer Toolkit for data ecosystems,sg.dex.starfish.impl,AAgent,63,12,8,0,16,5,8,2,4,2
Starfish - Developer Toolkit for data ecosystems,sg.dex.starfish.impl,AListing,3,0,0,0,1,0,1,0,1,0
Starfish - Developer Toolkit for data ecosystems,sg.dex.starfish.impl,AAccount,109,0,4,0,25,0,9,0,7,0
Starfish - Developer Toolkit for data ecosystems,sg.dex.starfish.impl,AIdentity,25,0,0,0,8,0,4,0,4,0
Starfish - Developer Toolkit for data ecosystems,sg.dex.starfish.impl,AEVMAccount,13,0,0,0,4,0,2,0,2,0
Starfish - Developer Toolkit for data ecosystems,sg.dex.starfish.impl,AAsset,40,28,2,0,9,8,4,5,3,5
Starfish - Developer Toolkit for data ecosystems,sg.dex.starfish.impl.file,FileAsset,10,83,2,4,1,19,2,10,1,8
Starfish - Developer Toolkit for data ecosystems,sg.dex.crypto,Hash,19,48,0,0,5,11,5,6,5,6
Starfish - Developer Toolkit for data ecosystems,sg.dex.starfish.constant,Constant,7,0,0,0,2,0,2,0,2,0
Starfish - Developer Toolkit for data ecosystems,sg.dex.starfish.exception,RemoteException,9,0,0,0,4,0,2,0,2,0
Starfish - Developer Toolkit for data ecosystems,sg.dex.starfish.exception,GenericException,9,0,0,0,4,0,2,0,2,0
Starfish - Developer Toolkit for data ecosystems,sg.dex.starfish.exception,JobFailedException,4,5,0,0,2,2,1,1,1,1
Starfish - Developer Toolkit for data ecosystems,sg.dex.starfish.exception,AuthorizationException,9,0,0,0,4,0,2,0,2,0
Starfish - Developer Toolkit for data ecosystems,sg.dex.starfish.exception,StarfishValidationException,9,0,0,0,4,0,2,0,2,0
Starfish - Developer Toolkit for data ecosystems,sg.dex.starfish.exception,StorageException,0,5,0,0,0,2,0,1,0,1
Starfish - Developer Toolkit for data ecosystems,sg.dex.starfish.util,Params,348,0,42,0,74,0,27,0,6,0
Starfish - Developer Toolkit for data ecosystems,sg.dex.starfish.util,JSONObjectCache,12,36,0,2,3,7,1,3,1,2
Starfish - Developer Toolkit for data ecosystems,sg.dex.starfish.util,ProvUtil,555,0,8,0,119,0,24,0,20,0
Starfish - Developer Toolkit for data ecosystems,sg.dex.starfish.util,RemoteAgentConfig,39,0,2,0,9,0,3,0,2,0
Starfish - Developer Toolkit for data ecosystems,sg.dex.starfish.util,Hex,31,165,6,20,5,24,7,13,2,5
Starfish - Developer Toolkit for data ecosystems,sg.dex.starfish.util,DID,134,140,13,9,22,40,15,14,4,14
Starfish - Developer Toolkit for data ecosystems,sg.dex.starfish.util,HTTP,118,15,2,0,37,4,7,2,6,2
Starfish - Developer Toolkit for data ecosystems,sg.dex.starfish.util,ProvUtil.AgentIdType,24,0,0,0,2,0,1,0,1,0
Starfish - Developer Toolkit for data ecosystems,sg.dex.starfish.util,JSON,82,160,6,8,21,42,5,10,1,7
Starfish - Developer Toolkit for data ecosystems,sg.dex.starfish.util,ProvUtil.ActivityType,34,0,0,0,2,0,1,0,1,0
Starfish - Developer Toolkit for data ecosystems,sg.dex.starfish.util,Utils,273,143,52,12,57,36,40,10,11,7
