GROUP,PACKAGE,CLASS,INSTRUCTION_MISSED,INSTRUCTION_COVERED,BRANCH_MISSED,BRANCH_COVERED,LINE_MISSED,LINE_COVERED,COMPLEXITY_MISSED,COMPLEXITY_COVERED,METHOD_MISSED,METHOD_COVERED
Starfish - Developer Toolkit for data ecosystems,sg.dex.starfish.impl.memory,MemoryJob,64,71,3,5,13,24,5,7,3,5
Starfish - Developer Toolkit for data ecosystems,sg.dex.starfish.impl.memory,MemoryBundle,14,164,0,10,3,35,1,15,1,10
Starfish - Developer Toolkit for data ecosystems,sg.dex.starfish.impl.memory,AMemoryAsset,4,7,0,0,2,3,1,1,1,1
Starfish - Developer Toolkit for data ecosystems,sg.dex.starfish.impl.memory,AMemoryOperation,4,40,1,1,1,13,2,4,1,4
Starfish - Developer Toolkit for data ecosystems,sg.dex.starfish.impl.memory,MemoryAgent,120,137,13,7,18,28,14,13,7,10
Starfish - Developer Toolkit for data ecosystems,sg.dex.starfish.impl.memory,MemoryAsset,34,136,6,10,6,28,7,13,2,10
Starfish - Developer Toolkit for data ecosystems,sg.dex.starfish.impl.memory,MemoryPurchase,39,28,2,0,5,7,6,3,5,3
Starfish - Developer Toolkit for data ecosystems,sg.dex.starfish.impl.memory,MemoryListing,37,33,2,0,6,9,7,4,6,4
Starfish - Developer Toolkit for data ecosystems,sg.dex.starfish.impl.squid,SquidAsset,131,0,0,0,36,0,11,0,11,0
Starfish - Developer Toolkit for data ecosystems,sg.dex.starfish.impl.squid,SquidAccount,34,0,0,0,9,0,5,0,5,0
Starfish - Developer Toolkit for data ecosystems,sg.dex.starfish.impl.squid,SquidService,97,0,2,0,33,0,10,0,9,0
Starfish - Developer Toolkit for data ecosystems,sg.dex.starfish.impl.squid,SquidResolverImpl,40,0,2,0,12,0,4,0,3,0
Starfish - Developer Toolkit for data ecosystems,sg.dex.starfish.impl.squid,SquidAgent,324,0,12,0,68,0,19,0,13,0
Starfish - Developer Toolkit for data ecosystems,sg.dex.starfish.impl.squid,SquidAgent.new TypeReference() {...},6,0,0,0,1,0,1,0,1,0
Starfish - Developer Toolkit for data ecosystems,sg.dex.starfish,DataAsset,34,82,7,7,8,18,8,5,2,4
Starfish - Developer Toolkit for data ecosystems,sg.dex.starfish,Operation,20,0,0,0,4,0,4,0,4,0
Starfish - Developer Toolkit for data ecosystems,sg.dex.starfish,Asset,20,0,0,0,4,0,4,0,4,0
Starfish - Developer Toolkit for data ecosystems,sg.dex.starfish,Bundle,25,2,0,0,4,1,2,1,2,1
Starfish - Developer Toolkit for data ecosystems,sg.dex.starfish,Job,49,18,2,0,15,4,7,4,6,4
Starfish - Developer Toolkit for data ecosystems,sg.dex.starfish,Ocean,158,60,10,4,37,19,19,8,13,7
Starfish - Developer Toolkit for data ecosystems,sg.dex.starfish,Invokable,3,0,0,0,1,0,1,0,1,0
Starfish - Developer Toolkit for data ecosystems,sg.dex.starfish.impl.remote,RemoteListing,85,0,4,0,21,0,13,0,11,0
Starfish - Developer Toolkit for data ecosystems,sg.dex.starfish.impl.remote,RemoteAgent,2048,0,124,0,421,0,119,0,57,0
Starfish - Developer Toolkit for data ecosystems,sg.dex.starfish.impl.remote,RemoteDataAsset,132,0,4,0,23,0,9,0,7,0
Starfish - Developer Toolkit for data ecosystems,sg.dex.starfish.impl.remote,RemoteBundle,232,0,14,0,46,0,18,0,11,0
Starfish - Developer Toolkit for data ecosystems,sg.dex.starfish.impl.remote,ARemoteAsset,7,0,0,0,3,0,1,0,1,0
Starfish - Developer Toolkit for data ecosystems,sg.dex.starfish.impl.remote,RemoteOperation,41,0,0,0,8,0,6,0,6,0
Starfish - Developer Toolkit for data ecosystems,sg.dex.starfish.impl.remote,RemoteJob,170,0,22,0,36,0,18,0,7,0
Starfish - Developer Toolkit for data ecosystems,sg.dex.starfish.impl.remote,RemotePurchase,66,0,4,0,17,0,10,0,8,0
Starfish - Developer Toolkit for data ecosystems,sg.dex.starfish.impl.remote,RemoteAccount,76,0,2,0,17,0,5,0,4,0
Starfish - Developer Toolkit for data ecosystems,sg.dex.starfish.cli,CLIMain,37,0,4,0,9,0,4,0,2,0
Starfish - Developer Toolkit for data ecosystems,sg.dex.starfish.impl,AAgent,73,12,8,0,16,5,8,2,4,2
Starfish - Developer Toolkit for data ecosystems,sg.dex.starfish.impl,AListing,3,0,0,0,1,0,1,0,1,0
Starfish - Developer Toolkit for data ecosystems,sg.dex.starfish.impl,AAccount,109,0,4,0,25,0,9,0,7,0
Starfish - Developer Toolkit for data ecosystems,sg.dex.starfish.impl,AIdentity,25,0,0,0,8,0,4,0,4,0
Starfish - Developer Toolkit for data ecosystems,sg.dex.starfish.impl,AEVMAccount,13,0,0,0,4,0,2,0,2,0
Starfish - Developer Toolkit for data ecosystems,sg.dex.starfish.impl,AAsset,40,34,2,0,9,8,4,5,3,5
Starfish - Developer Toolkit for data ecosystems,sg.dex.starfish.impl.file,FileAsset,10,89,2,4,1,19,2,10,1,8
Starfish - Developer Toolkit for data ecosystems,sg.dex.crypto,Hash,15,57,0,0,4,13,4,8,4,8
Starfish - Developer Toolkit for data ecosystems,sg.dex.starfish.constant,Constant,7,0,0,0,2,0,2,0,2,0
Starfish - Developer Toolkit for data ecosystems,sg.dex.starfish.impl.resource,URIAsset,91,77,5,3,14,21,8,6,4,6
Starfish - Developer Toolkit for data ecosystems,sg.dex.starfish.impl.resource,ResourceAsset,50,71,4,2,6,18,3,9,0,9
Starfish - Developer Toolkit for data ecosystems,sg.dex.starfish.exception,RemoteException,9,0,0,0,4,0,2,0,2,0
Starfish - Developer Toolkit for data ecosystems,sg.dex.starfish.exception,GenericException,9,0,0,0,4,0,2,0,2,0
Starfish - Developer Toolkit for data ecosystems,sg.dex.starfish.exception,JobFailedException,9,0,0,0,4,0,2,0,2,0
Starfish - Developer Toolkit for data ecosystems,sg.dex.starfish.exception,AuthorizationException,9,0,0,0,4,0,2,0,2,0
Starfish - Developer Toolkit for data ecosystems,sg.dex.starfish.exception,StarfishValidationException,9,0,0,0,4,0,2,0,2,0
Starfish - Developer Toolkit for data ecosystems,sg.dex.starfish.exception,StorageException,0,5,0,0,0,2,0,1,0,1
Starfish - Developer Toolkit for data ecosystems,sg.dex.starfish.util,Params,390,0,42,0,74,0,27,0,6,0
Starfish - Developer Toolkit for data ecosystems,sg.dex.starfish.util,JSONObjectCache,18,36,0,2,3,7,1,3,1,2
Starfish - Developer Toolkit for data ecosystems,sg.dex.starfish.util,ProvUtil,652,0,8,0,119,0,24,0,20,0
Starfish - Developer Toolkit for data ecosystems,sg.dex.starfish.util,RemoteAgentConfig,39,0,2,0,9,0,3,0,2,0
Starfish - Developer Toolkit for data ecosystems,sg.dex.starfish.util,Hex,31,186,6,20,5,24,7,13,2,5
Starfish - Developer Toolkit for data ecosystems,sg.dex.starfish.util,DID,87,215,12,12,14,49,11,20,1,18
Starfish - Developer Toolkit for data ecosystems,sg.dex.starfish.util,HTTP,142,15,2,0,37,4,7,2,6,2
Starfish - Developer Toolkit for data ecosystems,sg.dex.starfish.util,ProvUtil.AgentIdType,24,0,0,0,2,0,1,0,1,0
Starfish - Developer Toolkit for data ecosystems,sg.dex.starfish.util,JSON,94,159,6,8,21,42,5,10,1,7
Starfish - Developer Toolkit for data ecosystems,sg.dex.starfish.util,ProvUtil.ActivityType,34,0,0,0,2,0,1,0,1,0
Starfish - Developer Toolkit for data ecosystems,sg.dex.starfish.util,Utils,280,154,49,15,54,39,36,14,9,9
